2024-10-04 14:28:34,755 [Worker-6: Loading available Gradle versions] INFO  o.e.b.c.i.u.g.PublishedGradleVersions - Gradle version information cache is out-of-date. Trying to update.
2024-10-04 14:34:53,589 [Worker-11: Loading available Gradle versions] INFO  o.e.b.c.i.u.g.PublishedGradleVersions - Gradle version information cache is up-to-date. Trying to read.
2024-10-11 15:36:46,279 [Worker-977: https://0ms.dev/mirrors/eclipse//releases/2024-09/202409111000/plugins/junit-vintage-engine_5.11.0.jar] INFO  o.a.h.c.h.i.c.HttpRequestRetryExec - Recoverable I/O exception (java.net.SocketException) caught when processing request to {s}->https://0ms.dev:443
2024-10-11 15:37:21,703 [Worker-974: https://mirror.aarnet.edu.au/pub/eclipse/releases/2024-09/202409111000/plugins/junit-jupiter-api_5.11.0.jar] INFO  o.a.h.c.h.i.c.HttpRequestRetryExec - Recoverable I/O exception (java.net.SocketException) caught when processing request to {s}->https://mirror.aarnet.edu.au:443
2024-10-11 15:37:21,766 [Worker-978: https://mirror.aarnet.edu.au/pub/eclipse/releases/2024-09/202409111000/plugins/jakarta.servlet-api_6.1.0.jar] INFO  o.a.h.c.h.i.c.HttpRequestRetryExec - Recoverable I/O exception (java.net.SocketException) caught when processing request to {s}->https://mirror.aarnet.edu.au:443
2024-10-11 15:39:17,439 [Worker-983: https://mirror.aarnet.edu.au/pub/eclipse/releases/2024-09/202409111000/plugins/jakarta.servlet-api_6.1.0.jar] INFO  o.a.h.c.h.i.c.HttpRequestRetryExec - Recoverable I/O exception (java.net.SocketException) caught when processing request to {s}->https://mirror.aarnet.edu.au:443
2024-10-11 15:39:17,577 [Worker-978: https://mirror.aarnet.edu.au/pub/eclipse/releases/2024-09/202409111000/plugins/junit-jupiter-api_5.11.0.jar] INFO  o.a.h.c.h.i.c.HttpRequestRetryExec - Recoverable I/O exception (java.net.SocketException) caught when processing request to {s}->https://mirror.aarnet.edu.au:443
2024-10-11 15:40:30,807 [Worker-986: https://0ms.dev/mirrors/eclipse//releases/2024-09/202409111000/plugins/org.eclipse.emf.ecore.change_2.17.0.v20240604-0832.jar] INFO  o.a.h.c.h.i.c.HttpRequestRetryExec - Recoverable I/O exception (java.net.SocketException) caught when processing request to {s}->https://0ms.dev:443
2024-10-11 15:41:11,776 [Worker-983: https://0ms.dev/mirrors/eclipse//releases/2024-09/202409111000/plugins/org.eclipse.equinox.simpleconfigurator.manipulator_2.3.300.v20240702-1335.jar] INFO  o.a.h.c.h.i.c.HttpRequestRetryExec - Recoverable I/O exception (java.net.SocketException) caught when processing request to {s}->https://0ms.dev:443
2024-10-11 15:41:47,773 [Worker-977: https://0ms.dev/mirrors/eclipse//releases/2024-09/202409111000/plugins/org.eclipse.emf.ecore.change_2.17.0.v20240604-0832.jar] INFO  o.a.h.c.h.i.c.HttpRequestRetryExec - Recoverable I/O exception (java.net.SocketException) caught when processing request to {s}->https://0ms.dev:443
2024-10-11 15:42:28,682 [Worker-986: https://0ms.dev/mirrors/eclipse//releases/2024-09/202409111000/plugins/org.eclipse.equinox.simpleconfigurator.manipulator_2.3.300.v20240702-1335.jar] INFO  o.a.h.c.h.i.c.HttpRequestRetryExec - Recoverable I/O exception (java.net.SocketException) caught when processing request to {s}->https://0ms.dev:443
2024-10-11 15:43:18,271 [Worker-973: https://0ms.dev/mirrors/eclipse//releases/2024-09/202409111000/plugins/org.eclipse.jdt.core.manipulation_1.21.200.v20240815-2038.jar] INFO  o.a.h.c.h.i.c.HttpRequestRetryExec - Recoverable I/O exception (java.net.SocketException) caught when processing request to {s}->https://0ms.dev:443
2024-10-11 15:44:35,147 [Worker-980: https://0ms.dev/mirrors/eclipse//releases/2024-09/202409111000/plugins/org.eclipse.jdt.core.manipulation_1.21.200.v20240815-2038.jar] INFO  o.a.h.c.h.i.c.HttpRequestRetryExec - Recoverable I/O exception (java.net.SocketException) caught when processing request to {s}->https://0ms.dev:443
2024-10-16 08:58:41,869 [Worker-1: Loading available Gradle versions] INFO  o.e.b.c.i.u.g.PublishedGradleVersions - Gradle version information cache is out-of-date. Trying to update.
2024-10-21 14:35:54,671 [Worker-7: Loading available Gradle versions] INFO  o.e.b.c.i.u.g.PublishedGradleVersions - Gradle version information cache is out-of-date. Trying to update.
2024-11-12 10:40:50,952 [Worker-5: Loading available Gradle versions] INFO  o.e.b.c.i.u.g.PublishedGradleVersions - Gradle version information cache is up-to-date. Trying to read.
2024-11-12 10:43:29,519 [Worker-14: https://sourceforge.net/projects/sapnweclipse/files/updates/site.xml] INFO  o.a.h.c.h.i.c.HttpRequestRetryExec - Recoverable I/O exception (java.net.SocketException) caught when processing request to {s}->https://sourceforge.net:443
2024-11-12 10:44:46,455 [Worker-1: https://sourceforge.net/projects/sapnweclipse/files/updates/site.xml] INFO  o.a.h.c.h.i.c.HttpRequestRetryExec - Recoverable I/O exception (java.net.SocketException) caught when processing request to {s}->https://sourceforge.net:443
2024-11-12 10:46:03,160 [Worker-6: https://sourceforge.net/projects/sapnweclipse/files/updates/p2.index] INFO  o.a.h.c.h.i.c.HttpRequestRetryExec - Recoverable I/O exception (java.net.SocketException) caught when processing request to {s}->https://sourceforge.net:443
2024-11-12 10:47:20,099 [Worker-18: https://sourceforge.net/projects/sapnweclipse/files/updates/p2.index] INFO  o.a.h.c.h.i.c.HttpRequestRetryExec - Recoverable I/O exception (java.net.SocketException) caught when processing request to {s}->https://sourceforge.net:443
2024-11-12 10:48:36,840 [Worker-5: https://sourceforge.net/projects/sapnweclipse/files/updates/content.jar] INFO  o.a.h.c.h.i.c.HttpRequestRetryExec - Recoverable I/O exception (java.net.SocketException) caught when processing request to {s}->https://sourceforge.net:443
